Using pre-set license
Built from '2021.1/staging' branch; Version is '2021.1.7f1 (d91830b65d9b) revision 14227504'; Using compiler version '192528614'; Build Type 'Release'
OS: 'Windows 10 Home Single Language; OS build 19042.985; Version 2009; 64bit' Language: 'tr' Physical Memory: 8078 MB
BatchMode: 1, IsHumanControllingUs: 0, StartBugReporterOnCrash: 0, Is64bit: 1, IsPro: 0

 COMMAND LINE ARGUMENTS:
C:\Program Files\Unity\Hub\Editor\2021.1.7f1\Editor\Unity.exe
-adb2
-batchMode
-noUpm
-name
AssetImportWorker0
-projectPath
C:/Users/user/Desktop/Isolation Game
-logFile
Logs/AssetImportWorker0.log
-srvPort
53211
Successfully changed project path to: C:/Users/user/Desktop/Isolation Game
C:/Users/user/Desktop/Isolation Game
Using Asset Import Pipeline V2.
Refreshing native plugins compatible for Editor in 42.32 ms, found 1 plugins.
Preloading 0 native plugins for Editor in 0.00 ms.
Initialize engine version: 2021.1.7f1 (d91830b65d9b)
[Subsystems] Discovering subsystems at path C:/Program Files/Unity/Hub/Editor/2021.1.7f1/Editor/Data/Resources/UnitySubsystems
[Subsystems] Discovering subsystems at path C:/Users/user/Desktop/Isolation Game/Assets
GfxDevice: creating device client; threaded=0; jobified=0
Direct3D:
    Version:  Direct3D 11.0 [level 11.0]
    Renderer: NVIDIA GeForce 940MX (ID=0x134d)
    Vendor:   NVIDIA
    VRAM:     2010 MB
    Driver:   27.21.14.5167
Initialize mono
Mono path[0] = 'C:/Program Files/Unity/Hub/Editor/2021.1.7f1/Editor/Data/Managed'
Mono path[1] = 'C:/Program Files/Unity/Hub/Editor/2021.1.7f1/Editor/Data/MonoBleedingEdge/lib/mono/unityjit'
Mono config path = 'C:/Program Files/Unity/Hub/Editor/2021.1.7f1/Editor/Data/MonoBleedingEdge/etc'
Using monoOptions --debugger-agent=transport=dt_socket,embedding=1,server=y,suspend=n,address=127.0.0.1:56900
Begin MonoManager ReloadAssembly
Registering precompiled unity dll's ...
Register platform support module: C:/Program Files/Unity/Hub/Editor/2021.1.7f1/Editor/Data/PlaybackEngines/WindowsStandaloneSupport/UnityEditor.WindowsStandalone.Extensions.dll
Registered in 0.002839 seconds.
Native extension for WindowsStandalone target not found
Refreshing native plugins compatible for Editor in 42.21 ms, found 1 plugins.
Preloading 0 native plugins for Editor in 0.00 ms.
Mono: successfully reloaded assembly
- Completed reload, in  2.250 seconds
Platform modules already initialized, skipping
Registering precompiled user dll's ...
Registered in 0.001355 seconds.
Begin MonoManager ReloadAssembly
Native extension for WindowsStandalone target not found
Refreshing native plugins compatible for Editor in 41.21 ms, found 1 plugins.
Preloading 0 native plugins for Editor in 0.00 ms.
Mono: successfully reloaded assembly
- Completed reload, in  1.158 seconds
Platform modules already initialized, skipping
========================================================================
Worker process is ready to serve import requests
Launched and connected shader compiler UnityShaderCompiler.exe after 0.06 seconds
Refreshing native plugins compatible for Editor in 0.37 ms, found 1 plugins.
Preloading 0 native plugins for Editor in 0.00 ms.
Unloading 1852 Unused Serialized files (Serialized files now loaded: 0)
System memory in use before: 89.0 MB.
System memory in use after: 89.1 MB.

Unloading 19 unused Assets to reduce memory usage. Loaded Objects now: 2315.
Total: 2.820800 ms (FindLiveObjects: 0.224000 ms CreateObjectMapping: 0.088000 ms MarkObjects: 2.434300 ms  DeleteObjects: 0.072800 ms)

========================================================================
Received Import Request.
  path: Assets/GameManager.cs
  artifactKey: Guid(ec6992b456d22254c82f690d185cb926) Importer(815301076,1909f56bfc062723c751e8b465ee728b)
Start importing Assets/GameManager.cs using Guid(ec6992b456d22254c82f690d185cb926) Importer(815301076,1909f56bfc062723c751e8b465ee728b)  -> (artifact id: '238fbf93b1b25564d532c3c2201469be') in 0.046085 seconds 
========================================================================
Received Import Request.
  Time since last request: 1.142225 seconds.
  path: Assets/GamePlayManager.cs
  artifactKey: Guid(3d6275fd132b0254f92e397ba5866b75) Importer(815301076,1909f56bfc062723c751e8b465ee728b)
Start importing Assets/GamePlayManager.cs using Guid(3d6275fd132b0254f92e397ba5866b75) Importer(815301076,1909f56bfc062723c751e8b465ee728b)  -> (artifact id: '3c21ee50bef4d895dcb8824dd2df41b5') in 0.002543 seconds 
========================================================================
Received Import Request.
  Time since last request: 0.730570 seconds.
  path: Assets/GridSizeChanger.cs
  artifactKey: Guid(8404b31b7b5cd404c9bb62cbe1414306) Importer(815301076,1909f56bfc062723c751e8b465ee728b)
Start importing Assets/GridSizeChanger.cs using Guid(8404b31b7b5cd404c9bb62cbe1414306) Importer(815301076,1909f56bfc062723c751e8b465ee728b)  -> (artifact id: '5ad624ec30fd5399454e990c67d4a350') in 0.002363 seconds 
========================================================================
Received Import Request.
  Time since last request: 1.369993 seconds.
  path: Assets/HeuristicManager.cs
  artifactKey: Guid(bb05bcd10a54ee14b9c626859672b01f) Importer(815301076,1909f56bfc062723c751e8b465ee728b)
Start importing Assets/HeuristicManager.cs using Guid(bb05bcd10a54ee14b9c626859672b01f) Importer(815301076,1909f56bfc062723c751e8b465ee728b)  -> (artifact id: '961be77b39b4a99cfb98f3788d07a12f') in 0.003744 seconds 
========================================================================
Received Import Request.
  Time since last request: 0.588082 seconds.
  path: Assets/TilemapAdjuster.cs
  artifactKey: Guid(ac127e0b8f706b74cbc49ab81c9a95d5) Importer(815301076,1909f56bfc062723c751e8b465ee728b)
Start importing Assets/TilemapAdjuster.cs using Guid(ac127e0b8f706b74cbc49ab81c9a95d5) Importer(815301076,1909f56bfc062723c751e8b465ee728b)  -> (artifact id: '29fbb71f9d51e57a4ecfe5ab6cc34951') in 0.003492 seconds 
========================================================================
Received Import Request.
  Time since last request: 0.552052 seconds.
  path: Assets/Restart.cs
  artifactKey: Guid(40197a80a4e51384cb50ed3809fe1841) Importer(815301076,1909f56bfc062723c751e8b465ee728b)
Start importing Assets/Restart.cs using Guid(40197a80a4e51384cb50ed3809fe1841) Importer(815301076,1909f56bfc062723c751e8b465ee728b)  -> (artifact id: '38b60a1b23bb7cfce60ba8eaa5db3e24') in 0.004932 seconds 
========================================================================
Received Prepare
Registering precompiled user dll's ...
Registered in 0.001278 seconds.
Begin MonoManager ReloadAssembly
Native extension for WindowsStandalone target not found
Refreshing native plugins compatible for Editor in 0.40 ms, found 1 plugins.
Preloading 0 native plugins for Editor in 0.00 ms.
Mono: successfully reloaded assembly
- Completed reload, in  1.050 seconds
Platform modules already initialized, skipping
Refreshing native plugins compatible for Editor in 0.47 ms, found 1 plugins.
Preloading 0 native plugins for Editor in 0.00 ms.
Unloading 1831 Unused Serialized files (Serialized files now loaded: 0)
System memory in use before: 87.4 MB.
System memory in use after: 87.5 MB.

Unloading 8 unused Assets to reduce memory usage. Loaded Objects now: 2318.
Total: 2.830900 ms (FindLiveObjects: 0.174700 ms CreateObjectMapping: 0.075100 ms MarkObjects: 2.564100 ms  DeleteObjects: 0.015700 ms)

========================================================================
Received Import Request.
  Time since last request: 105.243771 seconds.
  path: Assets/GridSizeChanger.cs
  artifactKey: Guid(8404b31b7b5cd404c9bb62cbe1414306) Importer(815301076,1909f56bfc062723c751e8b465ee728b)
Start importing Assets/GridSizeChanger.cs using Guid(8404b31b7b5cd404c9bb62cbe1414306) Importer(815301076,1909f56bfc062723c751e8b465ee728b)  -> (artifact id: '794061f994152d340fbd3b6347c2b526') in 0.004455 seconds 
========================================================================
Received Prepare
Registering precompiled user dll's ...
Registered in 0.001498 seconds.
Begin MonoManager ReloadAssembly
Native extension for WindowsStandalone target not found
Refreshing native plugins compatible for Editor in 0.75 ms, found 1 plugins.
Preloading 0 native plugins for Editor in 0.00 ms.
Mono: successfully reloaded assembly
- Completed reload, in  1.120 seconds
Platform modules already initialized, skipping
Refreshing native plugins compatible for Editor in 0.39 ms, found 1 plugins.
Preloading 0 native plugins for Editor in 0.00 ms.
Unloading 1831 Unused Serialized files (Serialized files now loaded: 0)
System memory in use before: 87.4 MB.
System memory in use after: 87.5 MB.

Unloading 8 unused Assets to reduce memory usage. Loaded Objects now: 2321.
Total: 2.675300 ms (FindLiveObjects: 0.165600 ms CreateObjectMapping: 0.071800 ms MarkObjects: 2.418300 ms  DeleteObjects: 0.018500 ms)

========================================================================
Received Prepare
Registering precompiled user dll's ...
Registered in 0.001749 seconds.
Begin MonoManager ReloadAssembly
Native extension for WindowsStandalone target not found
Refreshing native plugins compatible for Editor in 0.53 ms, found 1 plugins.
Preloading 0 native plugins for Editor in 0.00 ms.
Mono: successfully reloaded assembly
- Completed reload, in  1.135 seconds
Platform modules already initialized, skipping
Refreshing native plugins compatible for Editor in 0.41 ms, found 1 plugins.
Preloading 0 native plugins for Editor in 0.00 ms.
Unloading 1831 Unused Serialized files (Serialized files now loaded: 0)
System memory in use before: 87.4 MB.
System memory in use after: 87.5 MB.

Unloading 8 unused Assets to reduce memory usage. Loaded Objects now: 2324.
Total: 2.541600 ms (FindLiveObjects: 0.175200 ms CreateObjectMapping: 0.075600 ms MarkObjects: 2.271700 ms  DeleteObjects: 0.017300 ms)

========================================================================
Received Prepare
Registering precompiled user dll's ...
Registered in 0.001315 seconds.
Begin MonoManager ReloadAssembly
Native extension for WindowsStandalone target not found
Refreshing native plugins compatible for Editor in 0.38 ms, found 1 plugins.
Preloading 0 native plugins for Editor in 0.00 ms.
Mono: successfully reloaded assembly
- Completed reload, in  1.008 seconds
Platform modules already initialized, skipping
Refreshing native plugins compatible for Editor in 0.37 ms, found 1 plugins.
Preloading 0 native plugins for Editor in 0.00 ms.
Unloading 1831 Unused Serialized files (Serialized files now loaded: 0)
System memory in use before: 87.4 MB.
System memory in use after: 87.5 MB.

Unloading 8 unused Assets to reduce memory usage. Loaded Objects now: 2327.
Total: 3.026500 ms (FindLiveObjects: 0.193200 ms CreateObjectMapping: 0.077200 ms MarkObjects: 2.734100 ms  DeleteObjects: 0.020800 ms)

========================================================================
Received Prepare
Registering precompiled user dll's ...
Registered in 0.001928 seconds.
Begin MonoManager ReloadAssembly
Native extension for WindowsStandalone target not found
Refreshing native plugins compatible for Editor in 0.37 ms, found 1 plugins.
Preloading 0 native plugins for Editor in 0.00 ms.
Mono: successfully reloaded assembly
- Completed reload, in  1.101 seconds
Platform modules already initialized, skipping
Refreshing native plugins compatible for Editor in 0.39 ms, found 1 plugins.
Preloading 0 native plugins for Editor in 0.00 ms.
Unloading 1831 Unused Serialized files (Serialized files now loaded: 0)
System memory in use before: 87.4 MB.
System memory in use after: 87.6 MB.

Unloading 8 unused Assets to reduce memory usage. Loaded Objects now: 2330.
Total: 2.577900 ms (FindLiveObjects: 0.290100 ms CreateObjectMapping: 0.124400 ms MarkObjects: 2.144300 ms  DeleteObjects: 0.017900 ms)

========================================================================
Received Prepare
Registering precompiled user dll's ...
Registered in 0.001357 seconds.
Begin MonoManager ReloadAssembly
Native extension for WindowsStandalone target not found
Refreshing native plugins compatible for Editor in 0.40 ms, found 1 plugins.
Preloading 0 native plugins for Editor in 0.00 ms.
Mono: successfully reloaded assembly
- Completed reload, in  1.043 seconds
Platform modules already initialized, skipping
Refreshing native plugins compatible for Editor in 0.46 ms, found 1 plugins.
Preloading 0 native plugins for Editor in 0.00 ms.
Unloading 1831 Unused Serialized files (Serialized files now loaded: 0)
System memory in use before: 87.5 MB.
System memory in use after: 87.6 MB.

Unloading 8 unused Assets to reduce memory usage. Loaded Objects now: 2333.
Total: 2.516400 ms (FindLiveObjects: 0.149900 ms CreateObjectMapping: 0.064500 ms MarkObjects: 2.285900 ms  DeleteObjects: 0.014900 ms)

========================================================================
Received Prepare
Registering precompiled user dll's ...
Registered in 0.001345 seconds.
Begin MonoManager ReloadAssembly
Native extension for WindowsStandalone target not found
Refreshing native plugins compatible for Editor in 0.40 ms, found 1 plugins.
Preloading 0 native plugins for Editor in 0.00 ms.
Mono: successfully reloaded assembly
- Completed reload, in  1.234 seconds
Platform modules already initialized, skipping
Refreshing native plugins compatible for Editor in 0.47 ms, found 1 plugins.
Preloading 0 native plugins for Editor in 0.00 ms.
Unloading 1831 Unused Serialized files (Serialized files now loaded: 0)
System memory in use before: 87.5 MB.
System memory in use after: 87.6 MB.

Unloading 8 unused Assets to reduce memory usage. Loaded Objects now: 2336.
Total: 2.659100 ms (FindLiveObjects: 0.259100 ms CreateObjectMapping: 0.097400 ms MarkObjects: 2.280100 ms  DeleteObjects: 0.021000 ms)

========================================================================
Received Prepare
Registering precompiled user dll's ...
Registered in 0.001305 seconds.
Begin MonoManager ReloadAssembly
Native extension for WindowsStandalone target not found
Refreshing native plugins compatible for Editor in 0.39 ms, found 1 plugins.
Preloading 0 native plugins for Editor in 0.00 ms.
Mono: successfully reloaded assembly
- Completed reload, in  1.123 seconds
Platform modules already initialized, skipping
Refreshing native plugins compatible for Editor in 0.41 ms, found 1 plugins.
Preloading 0 native plugins for Editor in 0.00 ms.
Unloading 1831 Unused Serialized files (Serialized files now loaded: 0)
System memory in use before: 87.5 MB.
System memory in use after: 87.6 MB.

Unloading 8 unused Assets to reduce memory usage. Loaded Objects now: 2339.
Total: 2.587800 ms (FindLiveObjects: 0.176800 ms CreateObjectMapping: 0.083400 ms MarkObjects: 2.308800 ms  DeleteObjects: 0.017500 ms)

========================================================================
Received Prepare
Registering precompiled user dll's ...
Registered in 0.001306 seconds.
Begin MonoManager ReloadAssembly
Native extension for WindowsStandalone target not found
Refreshing native plugins compatible for Editor in 0.44 ms, found 1 plugins.
Preloading 0 native plugins for Editor in 0.00 ms.
Mono: successfully reloaded assembly
- Completed reload, in  1.067 seconds
Platform modules already initialized, skipping
Refreshing native plugins compatible for Editor in 0.45 ms, found 1 plugins.
Preloading 0 native plugins for Editor in 0.00 ms.
Unloading 1831 Unused Serialized files (Serialized files now loaded: 0)
System memory in use before: 87.5 MB.
System memory in use after: 87.6 MB.

Unloading 8 unused Assets to reduce memory usage. Loaded Objects now: 2342.
Total: 3.064500 ms (FindLiveObjects: 0.216500 ms CreateObjectMapping: 0.069400 ms MarkObjects: 2.759800 ms  DeleteObjects: 0.017500 ms)

========================================================================
Received Prepare
Registering precompiled user dll's ...
Registered in 0.001454 seconds.
Begin MonoManager ReloadAssembly
Native extension for WindowsStandalone target not found
Refreshing native plugins compatible for Editor in 0.42 ms, found 1 plugins.
Preloading 0 native plugins for Editor in 0.00 ms.
Mono: successfully reloaded assembly
- Completed reload, in  1.066 seconds
Platform modules already initialized, skipping
Refreshing native plugins compatible for Editor in 0.38 ms, found 1 plugins.
Preloading 0 native plugins for Editor in 0.00 ms.
Unloading 1831 Unused Serialized files (Serialized files now loaded: 0)
System memory in use before: 87.5 MB.
System memory in use after: 87.6 MB.

Unloading 8 unused Assets to reduce memory usage. Loaded Objects now: 2345.
Total: 2.695800 ms (FindLiveObjects: 0.170700 ms CreateObjectMapping: 0.064900 ms MarkObjects: 2.437100 ms  DeleteObjects: 0.021800 ms)

========================================================================
Received Import Request.
  Time since last request: 864.900260 seconds.
  path: Assets/GameManager.cs
  artifactKey: Guid(ec6992b456d22254c82f690d185cb926) Importer(815301076,1909f56bfc062723c751e8b465ee728b)
Start importing Assets/GameManager.cs using Guid(ec6992b456d22254c82f690d185cb926) Importer(815301076,1909f56bfc062723c751e8b465ee728b)  -> (artifact id: 'ad2e6e3619896e0ae702503b5b1d7480') in 0.004717 seconds 
========================================================================
Received Prepare
Registering precompiled user dll's ...
Registered in 0.001314 seconds.
Begin MonoManager ReloadAssembly
Native extension for WindowsStandalone target not found
Refreshing native plugins compatible for Editor in 0.45 ms, found 1 plugins.
Preloading 0 native plugins for Editor in 0.00 ms.
Mono: successfully reloaded assembly
- Completed reload, in  1.158 seconds
Platform modules already initialized, skipping
Refreshing native plugins compatible for Editor in 0.39 ms, found 1 plugins.
Preloading 0 native plugins for Editor in 0.00 ms.
Unloading 1831 Unused Serialized files (Serialized files now loaded: 0)
System memory in use before: 87.5 MB.
System memory in use after: 87.6 MB.

Unloading 8 unused Assets to reduce memory usage. Loaded Objects now: 2348.
Total: 2.571800 ms (FindLiveObjects: 0.169500 ms CreateObjectMapping: 0.068700 ms MarkObjects: 2.313000 ms  DeleteObjects: 0.019300 ms)

========================================================================
Received Prepare
Registering precompiled user dll's ...
Registered in 0.001756 seconds.
Begin MonoManager ReloadAssembly
Native extension for WindowsStandalone target not found
Refreshing native plugins compatible for Editor in 0.98 ms, found 1 plugins.
Preloading 0 native plugins for Editor in 0.00 ms.
Mono: successfully reloaded assembly
- Completed reload, in  1.111 seconds
Platform modules already initialized, skipping
Refreshing native plugins compatible for Editor in 0.41 ms, found 1 plugins.
Preloading 0 native plugins for Editor in 0.00 ms.
Unloading 1831 Unused Serialized files (Serialized files now loaded: 0)
System memory in use before: 87.5 MB.
System memory in use after: 87.6 MB.

Unloading 8 unused Assets to reduce memory usage. Loaded Objects now: 2351.
Total: 2.669300 ms (FindLiveObjects: 0.198900 ms CreateObjectMapping: 0.082600 ms MarkObjects: 2.370800 ms  DeleteObjects: 0.016100 ms)

========================================================================
Received Import Request.
  Time since last request: 103.757448 seconds.
  path: Assets/GamePlayManager.cs
  artifactKey: Guid(3d6275fd132b0254f92e397ba5866b75) Importer(815301076,1909f56bfc062723c751e8b465ee728b)
Start importing Assets/GamePlayManager.cs using Guid(3d6275fd132b0254f92e397ba5866b75) Importer(815301076,1909f56bfc062723c751e8b465ee728b)  -> (artifact id: '2ecf30ef2ccf4c158c425ef79b6c64bd') in 0.005188 seconds 
========================================================================
Received Prepare
Registering precompiled user dll's ...
Registered in 0.001298 seconds.
Begin MonoManager ReloadAssembly
Native extension for WindowsStandalone target not found
Refreshing native plugins compatible for Editor in 0.38 ms, found 1 plugins.
Preloading 0 native plugins for Editor in 0.00 ms.
Mono: successfully reloaded assembly
- Completed reload, in  1.067 seconds
Platform modules already initialized, skipping
Refreshing native plugins compatible for Editor in 0.40 ms, found 1 plugins.
Preloading 0 native plugins for Editor in 0.00 ms.
Unloading 1831 Unused Serialized files (Serialized files now loaded: 0)
System memory in use before: 87.5 MB.
System memory in use after: 87.6 MB.

Unloading 8 unused Assets to reduce memory usage. Loaded Objects now: 2354.
Total: 2.420900 ms (FindLiveObjects: 0.171000 ms CreateObjectMapping: 0.061200 ms MarkObjects: 2.172400 ms  DeleteObjects: 0.015000 ms)

========================================================================
Received Prepare
Registering precompiled user dll's ...
Registered in 0.001300 seconds.
Begin MonoManager ReloadAssembly
Native extension for WindowsStandalone target not found
Refreshing native plugins compatible for Editor in 0.79 ms, found 1 plugins.
Preloading 0 native plugins for Editor in 0.00 ms.
Mono: successfully reloaded assembly
- Completed reload, in  1.136 seconds
Platform modules already initialized, skipping
Refreshing native plugins compatible for Editor in 0.41 ms, found 1 plugins.
Preloading 0 native plugins for Editor in 0.00 ms.
Unloading 1831 Unused Serialized files (Serialized files now loaded: 0)
System memory in use before: 87.5 MB.
System memory in use after: 87.6 MB.

Unloading 8 unused Assets to reduce memory usage. Loaded Objects now: 2357.
Total: 2.709900 ms (FindLiveObjects: 0.165100 ms CreateObjectMapping: 0.075500 ms MarkObjects: 2.450600 ms  DeleteObjects: 0.017300 ms)

========================================================================
Received Prepare
Registering precompiled user dll's ...
Registered in 0.001526 seconds.
Begin MonoManager ReloadAssembly
Native extension for WindowsStandalone target not found
Refreshing native plugins compatible for Editor in 0.39 ms, found 1 plugins.
Preloading 0 native plugins for Editor in 0.00 ms.
Mono: successfully reloaded assembly
- Completed reload, in  1.179 seconds
Platform modules already initialized, skipping
Refreshing native plugins compatible for Editor in 0.43 ms, found 1 plugins.
Preloading 0 native plugins for Editor in 0.00 ms.
Unloading 1830 Unused Serialized files (Serialized files now loaded: 0)
System memory in use before: 87.5 MB.
System memory in use after: 87.6 MB.

Unloading 8 unused Assets to reduce memory usage. Loaded Objects now: 2360.
Total: 2.829700 ms (FindLiveObjects: 0.174700 ms CreateObjectMapping: 0.072700 ms MarkObjects: 2.563600 ms  DeleteObjects: 0.017700 ms)

========================================================================
Received Import Request.
  Time since last request: 257.160838 seconds.
  path: Assets
  artifactKey: Guid(00000000000000001000000000000000) Importer(815301076,1909f56bfc062723c751e8b465ee728b)
Start importing Assets using Guid(00000000000000001000000000000000) Importer(815301076,1909f56bfc062723c751e8b465ee728b)  -> (artifact id: '42d402b061de3733987d63b9cc3b64de') in 0.006228 seconds 
========================================================================
Received Prepare
Registering precompiled user dll's ...
Registered in 0.001332 seconds.
Begin MonoManager ReloadAssembly
Native extension for WindowsStandalone target not found
Refreshing native plugins compatible for Editor in 0.39 ms, found 1 plugins.
Preloading 0 native plugins for Editor in 0.00 ms.
Mono: successfully reloaded assembly
- Completed reload, in  1.089 seconds
Platform modules already initialized, skipping
Refreshing native plugins compatible for Editor in 0.39 ms, found 1 plugins.
Preloading 0 native plugins for Editor in 0.00 ms.
Unloading 1831 Unused Serialized files (Serialized files now loaded: 0)
System memory in use before: 87.5 MB.
System memory in use after: 87.6 MB.

Unloading 8 unused Assets to reduce memory usage. Loaded Objects now: 2363.
Total: 3.166000 ms (FindLiveObjects: 0.206700 ms CreateObjectMapping: 0.073100 ms MarkObjects: 2.860000 ms  DeleteObjects: 0.024500 ms)

========================================================================
Received Import Request.
  Time since last request: 133.278608 seconds.
  path: Assets/HeuristicManager.cs
  artifactKey: Guid(bb05bcd10a54ee14b9c626859672b01f) Importer(815301076,1909f56bfc062723c751e8b465ee728b)
Start importing Assets/HeuristicManager.cs using Guid(bb05bcd10a54ee14b9c626859672b01f) Importer(815301076,1909f56bfc062723c751e8b465ee728b)  -> (artifact id: 'e0ee093a9b488d771c3e1d5e2005f052') in 0.005055 seconds 
========================================================================
Received Prepare
Registering precompiled user dll's ...
Registered in 0.002517 seconds.
Begin MonoManager ReloadAssembly
Native extension for WindowsStandalone target not found
Refreshing native plugins compatible for Editor in 0.71 ms, found 1 plugins.
Preloading 0 native plugins for Editor in 0.00 ms.
Mono: successfully reloaded assembly
- Completed reload, in  1.127 seconds
Platform modules already initialized, skipping
Refreshing native plugins compatible for Editor in 0.49 ms, found 1 plugins.
Preloading 0 native plugins for Editor in 0.00 ms.
Unloading 1831 Unused Serialized files (Serialized files now loaded: 0)
System memory in use before: 87.5 MB.
System memory in use after: 87.7 MB.

Unloading 8 unused Assets to reduce memory usage. Loaded Objects now: 2366.
Total: 2.645700 ms (FindLiveObjects: 0.171600 ms CreateObjectMapping: 0.068300 ms MarkObjects: 2.386900 ms  DeleteObjects: 0.017200 ms)

========================================================================
Received Import Request.
  Time since last request: 102.692957 seconds.
  path: Assets/HeuristicManager.cs
  artifactKey: Guid(bb05bcd10a54ee14b9c626859672b01f) Importer(815301076,1909f56bfc062723c751e8b465ee728b)
Start importing Assets/HeuristicManager.cs using Guid(bb05bcd10a54ee14b9c626859672b01f) Importer(815301076,1909f56bfc062723c751e8b465ee728b)  -> (artifact id: '91de408689b02173873a00f38975f2aa') in 0.004766 seconds 
========================================================================
Received Prepare
Registering precompiled user dll's ...
Registered in 0.001858 seconds.
Begin MonoManager ReloadAssembly
Native extension for WindowsStandalone target not found
Refreshing native plugins compatible for Editor in 0.56 ms, found 1 plugins.
Preloading 0 native plugins for Editor in 0.00 ms.
Mono: successfully reloaded assembly
- Completed reload, in  1.090 seconds
Platform modules already initialized, skipping
Refreshing native plugins compatible for Editor in 0.38 ms, found 1 plugins.
Preloading 0 native plugins for Editor in 0.00 ms.
Unloading 1831 Unused Serialized files (Serialized files now loaded: 0)
System memory in use before: 87.5 MB.
System memory in use after: 87.7 MB.

Unloading 8 unused Assets to reduce memory usage. Loaded Objects now: 2369.
Total: 2.873700 ms (FindLiveObjects: 0.211800 ms CreateObjectMapping: 0.074200 ms MarkObjects: 2.567300 ms  DeleteObjects: 0.019200 ms)

========================================================================
Received Prepare
Registering precompiled user dll's ...
Registered in 0.001983 seconds.
Begin MonoManager ReloadAssembly
Native extension for WindowsStandalone target not found
Refreshing native plugins compatible for Editor in 0.47 ms, found 1 plugins.
Preloading 0 native plugins for Editor in 0.00 ms.
Mono: successfully reloaded assembly
- Completed reload, in  1.151 seconds
Platform modules already initialized, skipping
Refreshing native plugins compatible for Editor in 0.37 ms, found 1 plugins.
Preloading 0 native plugins for Editor in 0.00 ms.
Unloading 1831 Unused Serialized files (Serialized files now loaded: 0)
System memory in use before: 87.6 MB.
System memory in use after: 87.7 MB.

Unloading 8 unused Assets to reduce memory usage. Loaded Objects now: 2372.
Total: 2.707500 ms (FindLiveObjects: 0.190400 ms CreateObjectMapping: 0.070200 ms MarkObjects: 2.429200 ms  DeleteObjects: 0.016400 ms)

========================================================================
Received Import Request.
  Time since last request: 61.496823 seconds.
  path: Assets/GameManager.cs
  artifactKey: Guid(ec6992b456d22254c82f690d185cb926) Importer(815301076,1909f56bfc062723c751e8b465ee728b)
Start importing Assets/GameManager.cs using Guid(ec6992b456d22254c82f690d185cb926) Importer(815301076,1909f56bfc062723c751e8b465ee728b)  -> (artifact id: '919b1f088734fff27bb88d355f85bd2e') in 0.006420 seconds 
========================================================================
Received Import Request.
  Time since last request: 2.309539 seconds.
  path: Assets/GameBoard.cs
  artifactKey: Guid(b179ca43b4aad4343b5593ed0c18840d) Importer(815301076,1909f56bfc062723c751e8b465ee728b)
Start importing Assets/GameBoard.cs using Guid(b179ca43b4aad4343b5593ed0c18840d) Importer(815301076,1909f56bfc062723c751e8b465ee728b)  -> (artifact id: 'b48c4ca00b8c9d9228c4977266fd35d4') in 0.002796 seconds 
========================================================================
Received Import Request.
  Time since last request: 0.518964 seconds.
  path: Assets/PlayerPawn.cs
  artifactKey: Guid(bd8f8b5c7828ede449b8178a3a01ba84) Importer(815301076,1909f56bfc062723c751e8b465ee728b)
Start importing Assets/PlayerPawn.cs using Guid(bd8f8b5c7828ede449b8178a3a01ba84) Importer(815301076,1909f56bfc062723c751e8b465ee728b)  -> (artifact id: 'f7068ef2d4415a0d549caff8603d0781') in 0.006220 seconds 
========================================================================
Received Import Request.
  Time since last request: 8.100880 seconds.
  path: Assets/GamePlayManager.cs
  artifactKey: Guid(3d6275fd132b0254f92e397ba5866b75) Importer(815301076,1909f56bfc062723c751e8b465ee728b)
Start importing Assets/GamePlayManager.cs using Guid(3d6275fd132b0254f92e397ba5866b75) Importer(815301076,1909f56bfc062723c751e8b465ee728b)  -> (artifact id: '02b4a74e860b80c547b5a88b6dba9372') in 0.003169 seconds 
========================================================================
Received Import Request.
  Time since last request: 0.371328 seconds.
  path: Assets/GridSizeChanger.cs
  artifactKey: Guid(8404b31b7b5cd404c9bb62cbe1414306) Importer(815301076,1909f56bfc062723c751e8b465ee728b)
Start importing Assets/GridSizeChanger.cs using Guid(8404b31b7b5cd404c9bb62cbe1414306) Importer(815301076,1909f56bfc062723c751e8b465ee728b)  -> (artifact id: '9375a4c32c8bf67a04a474ed26974904') in 0.004405 seconds 
========================================================================
Received Import Request.
  Time since last request: 2.271045 seconds.
  path: Assets/CameraManager.cs
  artifactKey: Guid(9bda01595fae79645b0e6724f7d9cdb3) Importer(815301076,1909f56bfc062723c751e8b465ee728b)
Start importing Assets/CameraManager.cs using Guid(9bda01595fae79645b0e6724f7d9cdb3) Importer(815301076,1909f56bfc062723c751e8b465ee728b)  -> (artifact id: '96b9458d0e5e719fbd05c4055eb1a105') in 0.003513 seconds 
========================================================================
Received Import Request.
  Time since last request: 1.470045 seconds.
  path: Assets/InputManager.cs
  artifactKey: Guid(2890bdb29e229d542b974a7a2bde33a4) Importer(815301076,1909f56bfc062723c751e8b465ee728b)
Start importing Assets/InputManager.cs using Guid(2890bdb29e229d542b974a7a2bde33a4) Importer(815301076,1909f56bfc062723c751e8b465ee728b)  -> (artifact id: '5dc806da511215c6562a989ef16be795') in 0.003935 seconds 
========================================================================
Received Import Request.
  Time since last request: 4.368998 seconds.
  path: Assets/InfoMessage.cs
  artifactKey: Guid(150f88d4128cff24498b87a33243485e) Importer(815301076,1909f56bfc062723c751e8b465ee728b)
Start importing Assets/InfoMessage.cs using Guid(150f88d4128cff24498b87a33243485e) Importer(815301076,1909f56bfc062723c751e8b465ee728b)  -> (artifact id: '230f3577d2cedc31d9f4a94e72d49aae') in 0.008020 seconds 
========================================================================
Received Prepare
Registering precompiled user dll's ...
Registered in 0.001474 seconds.
Begin MonoManager ReloadAssembly
Native extension for WindowsStandalone target not found
Refreshing native plugins compatible for Editor in 0.38 ms, found 1 plugins.
Preloading 0 native plugins for Editor in 0.00 ms.
Mono: successfully reloaded assembly
- Completed reload, in  1.046 seconds
Platform modules already initialized, skipping
Refreshing native plugins compatible for Editor in 0.37 ms, found 1 plugins.
Preloading 0 native plugins for Editor in 0.00 ms.
Unloading 1831 Unused Serialized files (Serialized files now loaded: 0)
System memory in use before: 87.6 MB.
System memory in use after: 87.7 MB.

Unloading 8 unused Assets to reduce memory usage. Loaded Objects now: 2375.
Total: 2.804500 ms (FindLiveObjects: 0.187400 ms CreateObjectMapping: 0.075300 ms MarkObjects: 2.525100 ms  DeleteObjects: 0.015500 ms)

========================================================================
Received Import Request.
  Time since last request: 49.194227 seconds.
  path: Assets/InfoMessage.cs
  artifactKey: Guid(150f88d4128cff24498b87a33243485e) Importer(815301076,1909f56bfc062723c751e8b465ee728b)
Start importing Assets/InfoMessage.cs using Guid(150f88d4128cff24498b87a33243485e) Importer(815301076,1909f56bfc062723c751e8b465ee728b)  -> (artifact id: '7f0e28b9ce28dc2ba7ecf68c2155ce97') in 0.004958 seconds 
========================================================================
Received Prepare
Registering precompiled user dll's ...
Registered in 0.001315 seconds.
Begin MonoManager ReloadAssembly
Native extension for WindowsStandalone target not found
Refreshing native plugins compatible for Editor in 0.48 ms, found 1 plugins.
Preloading 0 native plugins for Editor in 0.00 ms.
Mono: successfully reloaded assembly
- Completed reload, in  1.162 seconds
Platform modules already initialized, skipping
Refreshing native plugins compatible for Editor in 0.61 ms, found 1 plugins.
Preloading 0 native plugins for Editor in 0.00 ms.
Unloading 1831 Unused Serialized files (Serialized files now loaded: 0)
System memory in use before: 87.6 MB.
System memory in use after: 87.7 MB.

Unloading 8 unused Assets to reduce memory usage. Loaded Objects now: 2378.
Total: 3.798400 ms (FindLiveObjects: 0.197400 ms CreateObjectMapping: 0.065100 ms MarkObjects: 3.515900 ms  DeleteObjects: 0.018800 ms)

========================================================================
Received Prepare
Registering precompiled user dll's ...
Registered in 0.001427 seconds.
Begin MonoManager ReloadAssembly
Native extension for WindowsStandalone target not found
Refreshing native plugins compatible for Editor in 0.38 ms, found 1 plugins.
Preloading 0 native plugins for Editor in 0.00 ms.
Mono: successfully reloaded assembly
- Completed reload, in  1.119 seconds
Platform modules already initialized, skipping
Refreshing native plugins compatible for Editor in 0.37 ms, found 1 plugins.
Preloading 0 native plugins for Editor in 0.00 ms.
Unloading 1831 Unused Serialized files (Serialized files now loaded: 0)
System memory in use before: 87.6 MB.
System memory in use after: 87.7 MB.

Unloading 8 unused Assets to reduce memory usage. Loaded Objects now: 2381.
Total: 3.207200 ms (FindLiveObjects: 0.200500 ms CreateObjectMapping: 0.065900 ms MarkObjects: 2.916200 ms  DeleteObjects: 0.023000 ms)

AssetImportWorkerClient::OnTransportError - code=2 error=End of file
